f:\c++\reitasei\x64\release\reitasei.pdb
f:\c++\reitasei\reitasei\x64\release\vector2.obj
f:\c++\reitasei\reitasei\x64\release\spriter.obj
f:\c++\reitasei\reitasei\x64\release\figures.obj
f:\c++\reitasei\reitasei\x64\release\matan.obj
f:\c++\reitasei\reitasei\x64\release\collision.obj
f:\c++\reitasei\reitasei\x64\release\animate.obj
f:\c++\reitasei\reitasei\x64\release\vc142.pdb
f:\c++\reitasei\reitasei\x64\release\vector2.h.ifc
f:\c++\reitasei\reitasei\x64\release\vector2.h.ifc.d.json
f:\c++\reitasei\reitasei\x64\release\vector2.h.obj
f:\c++\reitasei\reitasei\x64\release\gui.obj
f:\c++\reitasei\reitasei\x64\release\map.obj
f:\c++\reitasei\reitasei\x64\release\location.obj
f:\c++\reitasei\x64\release\reitasei.lib
f:\c++\reitasei\reitasei\x64\release\vector2.h.module.json
f:\c++\reitasei\reitasei\x64\release\reitasei.tlog\cl.command.1.tlog
f:\c++\reitasei\reitasei\x64\release\reitasei.tlog\cl.items.tlog
f:\c++\reitasei\reitasei\x64\release\reitasei.tlog\cl.read.1.tlog
f:\c++\reitasei\reitasei\x64\release\reitasei.tlog\cl.write.1.tlog
f:\c++\reitasei\reitasei\x64\release\reitasei.tlog\lib-link.read.1.tlog
f:\c++\reitasei\reitasei\x64\release\reitasei.tlog\lib-link.write.1.tlog
f:\c++\reitasei\reitasei\x64\release\reitasei.tlog\lib.command.1.tlog
f:\c++\reitasei\reitasei\x64\release\reitasei.tlog\link.command.1.tlog
f:\c++\reitasei\reitasei\x64\release\reitasei.tlog\link.read.1.tlog
f:\c++\reitasei\reitasei\x64\release\reitasei.tlog\link.write.1.tlog
f:\c++\reitasei\reitasei\x64\release\reitasei_md.tlog\cl.command.1.tlog
f:\c++\reitasei\reitasei\x64\release\reitasei_md.tlog\microsoft.build.cpptasks.cl.read.1.tlog
f:\c++\reitasei\reitasei\x64\release\reitasei_md.tlog\microsoft.build.cpptasks.cl.write.1.tlog
