f:\c++\reitasei\x64\debug\reitasei.pdb
f:\c++\reitasei\x64\debug\reitasei.idb
f:\c++\reitasei\reitasei\x64\debug\vector2.obj
f:\c++\reitasei\reitasei\x64\debug\main.obj
f:\c++\reitasei\reitasei\x64\debug\figures.obj
f:\c++\reitasei\reitasei\x64\debug\vc142.pdb
f:\c++\reitasei\reitasei\x64\debug\vc142.idb
f:\c++\reitasei\reitasei\x64\debug\vector2.h.ifc
f:\c++\reitasei\reitasei\x64\debug\vector2.h.ifc.d.json
f:\c++\reitasei\reitasei\x64\debug\vector2.h.obj
f:\c++\reitasei\x64\debug\reitasei.lib
f:\c++\reitasei\x64\debug\reitasei.exe
f:\c++\reitasei\reitasei\x64\debug\reitasei.ilk
f:\c++\reitasei\reitasei\x64\debug\vector2.h.module.json
f:\c++\reitasei\reitasei\x64\debug\reitasei.tlog\cl.command.1.tlog
f:\c++\reitasei\reitasei\x64\debug\reitasei.tlog\cl.read.1.tlog
f:\c++\reitasei\reitasei\x64\debug\reitasei.tlog\cl.write.1.tlog
f:\c++\reitasei\reitasei\x64\debug\reitasei.tlog\lib-link.read.1.tlog
f:\c++\reitasei\reitasei\x64\debug\reitasei.tlog\lib-link.write.1.tlog
f:\c++\reitasei\reitasei\x64\debug\reitasei.tlog\lib.command.1.tlog
f:\c++\reitasei\reitasei\x64\debug\reitasei.tlog\link.command.1.tlog
f:\c++\reitasei\reitasei\x64\debug\reitasei.tlog\link.read.1.tlog
f:\c++\reitasei\reitasei\x64\debug\reitasei.tlog\link.write.1.tlog
f:\c++\reitasei\reitasei\x64\debug\reitasei_md.tlog\cl.command.1.tlog
f:\c++\reitasei\reitasei\x64\debug\reitasei_md.tlog\microsoft.build.cpptasks.cl.read.1.tlog
f:\c++\reitasei\reitasei\x64\debug\reitasei_md.tlog\microsoft.build.cpptasks.cl.write.1.tlog
